2017-07-08 22:37:50,895 ERROR Incorrect number of input parameters
2017-07-08 22:39:27,959 ERROR Incorrect number of input parameters
2017-07-08 22:40:45,438 WARNING New jobs not found
2017-07-08 22:41:41,718 INFO New jobs not found
2017-07-12 21:40:09,592 INFO New jobs not found
2017-07-12 22:05:19,858 ERROR Incorrect number of input parameters
2017-08-13 17:17:23,763 INFO New jobs not found
2017-08-13 17:18:31,942 INFO New jobs not found
2017-08-13 17:20:01,447 INFO New jobs not found
2017-08-13 17:45:31,504 INFO New jobs not found
2017-08-13 17:55:45,555 INFO New jobs not found
2017-08-13 17:56:19,123 INFO New jobs not found
2017-08-13 17:57:29,122 INFO New jobs not found
2017-08-13 18:08:42,029 INFO New jobs not found
2017-08-13 18:09:07,882 INFO New jobs not found
2017-08-19 08:55:36,039 ERROR Incorrect number of input parameters
2017-08-19 08:55:44,592 ERROR Incorrect number of input parameters
2017-08-19 08:55:48,112 ERROR Incorrect number of input parameters
2017-08-19 08:55:49,387 ERROR Incorrect number of input parameters
2017-08-19 08:55:52,153 ERROR Incorrect number of input parameters
2017-08-19 08:55:53,261 ERROR Incorrect number of input parameters
2017-08-19 08:56:18,275 ERROR Incorrect number of input parameters
2017-08-19 08:56:20,352 ERROR Incorrect number of input parameters
2017-08-19 08:56:29,437 ERROR Incorrect number of input parameters
2017-08-19 22:46:58,058 ERROR Incorrect number of input parameters
2017-08-19 22:47:14,267 ERROR Incorrect number of input parameters
2017-08-19 23:30:13,489 INFO New jobs not found
2017-08-20 10:42:42,278 INFO New jobs not found
2017-08-22 23:18:53,430 INFO New jobs not found in Galejobs
2017-08-22 23:18:54,034 INFO New jobs not found in Infojobs
2017-08-23 22:34:44,940 INFO New jobs not found in Galejobs
2017-08-23 22:34:45,327 INFO New jobs not found in Infojobs
2017-08-23 22:36:43,917 INFO New jobs not found in Galejobs
2017-08-23 22:36:44,228 INFO New jobs not found in Infojobs
2017-08-23 22:43:56,843 INFO New jobs not found in Galejobs
2017-08-23 22:43:57,197 INFO New jobs not found in Infojobs
2017-08-23 22:43:58,419 INFO New jobs not found in Indeed
2017-08-23 22:44:46,469 INFO New jobs not found in Galejobs
2017-08-23 22:44:46,812 INFO New jobs not found in Infojobs
2017-08-23 22:44:48,093 INFO New jobs not found in Indeed
2017-08-23 22:48:00,421 INFO New jobs not found in Galejobs
2017-08-23 22:48:01,222 INFO New jobs not found in Infojobs
2017-08-23 22:48:02,426 INFO New jobs not found in Indeed
2017-08-23 22:48:52,068 INFO New jobs not found in Galejobs
2017-08-23 22:48:52,434 INFO New jobs not found in Infojobs
2017-08-23 22:48:53,578 INFO New jobs not found in Indeed
2017-08-23 22:49:35,965 INFO New jobs not found in Galejobs
2017-08-23 22:49:36,363 INFO New jobs not found in Infojobs
2017-08-23 22:49:37,581 INFO New jobs not found in Indeed
